TN:
SF:src/App.vue
FN:1,(anonymous_0)
FNF:1
FNH:1
FNDA:2,(anonymous_0)
DA:1,12
LF:1
LH:1
BRF:0
BRH:0
end_of_record
TN:
SF:src/main.ts
FN:16,(anonymous_1)
FNF:1
FNH:1
FNDA:2,(anonymous_1)
DA:1,2
DA:2,2
DA:4,2
DA:5,2
DA:6,2
DA:8,2
DA:10,2
DA:12,2
DA:16,2
LF:9
LH:9
BRF:0
BRH:0
end_of_record
TN:
SF:src/api/config.ts
FNF:0
FNH:0
DA:1,2
LF:1
LH:1
BRF:0
BRH:0
end_of_record
TN:
SF:src/components/atoms/textfield/textfield.component.vue
FN:1,(anonymous_4)
FNF:1
FNH:1
FNDA:3,(anonymous_4)
DA:1,18
DA:5,3
DA:7,3
LF:3
LH:3
BRDA:1,0,0,0
BRDA:1,0,1,12
BRDA:1,1,0,0
BRF:3
BRH:1
end_of_record
TN:
SF:src/components/atoms/typography/typography.component.vue
FN:1,(anonymous_0)
FNF:1
FNH:1
FNDA:9,(anonymous_0)
DA:1,45
DA:5,6
LF:2
LH:2
BRF:0
BRH:0
end_of_record
TN:
SF:src/components/layouts/container/container.component.vue
FN:1,(anonymous_0)
FNF:1
FNH:1
FNDA:7,(anonymous_0)
DA:1,33
DA:5,4
LF:2
LH:2
BRF:0
BRH:0
end_of_record
TN:
SF:src/components/molecules/modal/modal.component.vue
FN:1,(anonymous_7)
FNF:1
FNH:1
FNDA:2,(anonymous_7)
DA:1,12
DA:5,2
DA:6,2
DA:7,2
DA:8,2
DA:9,2
DA:11,2
LF:7
LH:7
BRDA:1,0,0,0
BRDA:1,0,1,4
BRF:2
BRH:1
end_of_record
TN:
SF:src/components/molecules/tags/tags.component.vue
FN:1,(anonymous_2)
FNF:1
FNH:1
FNDA:3,(anonymous_2)
DA:1,14
DA:6,3
DA:7,3
DA:9,3
LF:4
LH:4
BRDA:1,0,0,1
BRDA:1,0,1,0
BRF:2
BRH:1
end_of_record
TN:
SF:src/components/organisms/navbar/navbar.component.vue
FN:1,(anonymous_1)
FNF:1
FNH:1
FNDA:3,(anonymous_1)
DA:1,18
DA:5,3
DA:6,3
DA:8,3
LF:4
LH:4
BRF:0
BRH:0
end_of_record
TN:
SF:src/components/organisms/product/product.component.vue
FN:1,(anonymous_2)
FNF:1
FNH:1
FNDA:1,(anonymous_2)
DA:1,9
DA:6,2
DA:8,2
DA:9,2
DA:11,2
LF:5
LH:5
BRDA:1,0,0,0
BRDA:1,0,1,1
BRF:2
BRH:1
end_of_record
TN:
SF:src/helpers/number.ts
FN:1,(anonymous_0)
FNF:1
FNH:1
FNDA:1,(anonymous_0)
DA:1,3
DA:2,1
DA:3,1
DA:4,0
DA:6,1
DA:7,0
DA:9,1
LF:7
LH:5
BRDA:3,0,0,0
BRDA:6,1,0,0
BRDA:6,2,0,1
BRDA:6,2,1,0
BRF:4
BRH:1
end_of_record
TN:
SF:src/helpers/string.ts
FN:1,(anonymous_0)
FNF:1
FNH:1
FNDA:3,(anonymous_0)
DA:1,4
DA:2,3
LF:2
LH:2
BRF:0
BRH:0
end_of_record
TN:
SF:src/i18n/index.ts
FNF:0
FNH:0
DA:1,2
DA:2,2
DA:3,2
DA:5,2
DA:7,2
LF:5
LH:5
BRF:0
BRH:0
end_of_record
TN:
SF:src/i18n/translations.ts
FNF:0
FNH:0
DA:1,2
LF:1
LH:1
BRF:0
BRH:0
end_of_record
TN:
SF:src/router/index.ts
FNF:0
FNH:0
DA:3,2
DA:4,2
DA:5,2
DA:9,2
DA:11,2
DA:19,2
DA:25,2
LF:7
LH:7
BRF:0
BRH:0
end_of_record
TN:
SF:src/store/index.ts
FNF:0
FNH:0
DA:1,2
DA:2,2
DA:5,2
DA:7,2
DA:9,2
DA:11,2
DA:18,2
LF:7
LH:7
BRF:0
BRH:0
end_of_record
TN:
SF:src/store/product/actions.ts
FN:7,(anonymous_0)
FN:12,(anonymous_1)
FN:13,(anonymous_2)
FN:18,(anonymous_3)
FN:19,(anonymous_4)
FN:22,(anonymous_5)
FNF:6
FNH:3
FNDA:2,(anonymous_0)
FNDA:2,(anonymous_1)
FNDA:2,(anonymous_2)
FNDA:0,(anonymous_3)
FNDA:0,(anonymous_4)
FNDA:0,(anonymous_5)
DA:3,2
DA:7,2
DA:8,2
DA:11,2
DA:13,2
DA:14,2
DA:18,0
DA:20,0
DA:23,0
LF:9
LH:6
BRDA:7,0,0,2
BRDA:7,0,1,2
BRF:2
BRH:2
end_of_record
TN:
SF:src/store/product/getters.ts
FN:6,(anonymous_0)
FN:11,(anonymous_1)
FNF:2
FNH:1
FNDA:2,(anonymous_0)
FNDA:0,(anonymous_1)
DA:6,2
DA:7,2
DA:10,2
DA:12,0
LF:4
LH:3
BRDA:6,0,0,2
BRDA:6,0,1,2
BRF:2
BRH:2
end_of_record
TN:
SF:src/store/product/index.ts
FNF:0
FNH:0
DA:6,2
DA:7,2
DA:8,2
DA:9,2
DA:11,2
LF:5
LH:5
BRF:0
BRH:0
end_of_record
TN:
SF:src/store/product/mutations.ts
FN:5,(anonymous_0)
FN:10,(anonymous_1)
FNF:2
FNH:1
FNDA:2,(anonymous_0)
FNDA:0,(anonymous_1)
DA:5,2
DA:6,2
DA:9,2
DA:11,0
LF:4
LH:3
BRDA:5,0,0,2
BRDA:5,0,1,2
BRF:2
BRH:2
end_of_record
TN:
SF:src/store/product/state.ts
FNF:0
FNH:0
DA:3,2
LF:1
LH:1
BRF:0
BRH:0
end_of_record
TN:
SF:src/views/home/home.component.vue
FN:1,(anonymous_12)
FNF:1
FNH:1
FNDA:4,(anonymous_12)
DA:1,18
DA:5,2
DA:8,2
DA:9,2
DA:10,2
DA:11,2
DA:12,2
DA:13,2
DA:21,2
LF:9
LH:9
BRDA:1,0,0,8
BRDA:1,0,1,10
BRF:2
BRH:2
end_of_record
